{"D:\\Dokumen\\MSIB_Productzilla\\materi\\wekk10\\task6-reactJS-PortofolioTest\\src\\component\\elements\\Contact\\Button.tsx": {"path":"D:\\Dokumen\\MSIB_Productzilla\\materi\\wekk10\\task6-reactJS-PortofolioTest\\src\\component\\elements\\Contact\\Button.tsx","statementMap":{"0":{"start":{"line":1,"column":0},"end":{"line":1,"column":26}},"1":{"start":{"line":10,"column":38},"end":{"line":16,"column":1}},"2":{"start":{"line":10,"column":45},"end":{"line":10,"column":47}},"3":{"start":{"line":10,"column":51},"end":{"line":10,"column":53}},"4":{"start":{"line":10,"column":62},"end":{"line":10,"column":64}},"5":{"start":{"line":10,"column":71},"end":{"line":10,"column":73}},"6":{"start":{"line":11,"column":2},"end":{"line":15,"column":4}},"7":{"start":{"line":18,"column":0},"end":{"line":18,"column":22}}},"fnMap":{"0":{"name":"(anonymous_1)","decl":{"start":{"line":10,"column":38},"end":{"line":10,"column":39}},"loc":{"start":{"line":10,"column":73},"end":{"line":16,"column":1}}}},"branchMap":{},"s":{"0":1,"1":1,"2":2,"3":2,"4":2,"5":2,"6":2,"7":1},"f":{"0":2},"b":{}}
,"D:\\Dokumen\\MSIB_Productzilla\\materi\\wekk10\\task6-reactJS-PortofolioTest\\src\\component\\elements\\Contact\\Input.tsx": {"path":"D:\\Dokumen\\MSIB_Productzilla\\materi\\wekk10\\task6-reactJS-PortofolioTest\\src\\component\\elements\\Contact\\Input.tsx","statementMap":{"0":{"start":{"line":1,"column":0},"end":{"line":1,"column":26}},"1":{"start":{"line":11,"column":36},"end":{"line":13,"column":1}},"2":{"start":{"line":11,"column":41},"end":{"line":11,"column":43}},"3":{"start":{"line":11,"column":47},"end":{"line":11,"column":49}},"4":{"start":{"line":11,"column":60},"end":{"line":11,"column":62}},"5":{"start":{"line":11,"column":71},"end":{"line":11,"column":73}},"6":{"start":{"line":11,"column":81},"end":{"line":11,"column":83}},"7":{"start":{"line":12,"column":2},"end":{"line":12,"column":239}},"8":{"start":{"line":15,"column":0},"end":{"line":15,"column":21}}},"fnMap":{"0":{"name":"(anonymous_1)","decl":{"start":{"line":11,"column":36},"end":{"line":11,"column":37}},"loc":{"start":{"line":11,"column":83},"end":{"line":13,"column":1}}}},"branchMap":{},"s":{"0":1,"1":1,"2":4,"3":4,"4":4,"5":4,"6":4,"7":4,"8":1},"f":{"0":4},"b":{}}
,"D:\\Dokumen\\MSIB_Productzilla\\materi\\wekk10\\task6-reactJS-PortofolioTest\\src\\component\\elements\\Contact\\Label.tsx": {"path":"D:\\Dokumen\\MSIB_Productzilla\\materi\\wekk10\\task6-reactJS-PortofolioTest\\src\\component\\elements\\Contact\\Label.tsx","statementMap":{"0":{"start":{"line":1,"column":0},"end":{"line":1,"column":26}},"1":{"start":{"line":9,"column":36},"end":{"line":15,"column":1}},"2":{"start":{"line":9,"column":46},"end":{"line":9,"column":48}},"3":{"start":{"line":9,"column":52},"end":{"line":9,"column":54}},"4":{"start":{"line":9,"column":63},"end":{"line":9,"column":65}},"5":{"start":{"line":10,"column":2},"end":{"line":14,"column":4}},"6":{"start":{"line":17,"column":0},"end":{"line":17,"column":21}}},"fnMap":{"0":{"name":"(anonymous_1)","decl":{"start":{"line":9,"column":36},"end":{"line":9,"column":37}},"loc":{"start":{"line":9,"column":65},"end":{"line":15,"column":1}}}},"branchMap":{},"s":{"0":1,"1":1,"2":6,"3":6,"4":6,"5":6,"6":1},"f":{"0":6},"b":{}}
,"D:\\Dokumen\\MSIB_Productzilla\\materi\\wekk10\\task6-reactJS-PortofolioTest\\src\\component\\elements\\Contact\\TextArea.tsx": {"path":"D:\\Dokumen\\MSIB_Productzilla\\materi\\wekk10\\task6-reactJS-PortofolioTest\\src\\component\\elements\\Contact\\TextArea.tsx","statementMap":{"0":{"start":{"line":1,"column":0},"end":{"line":1,"column":26}},"1":{"start":{"line":11,"column":42},"end":{"line":21,"column":1}},"2":{"start":{"line":11,"column":47},"end":{"line":11,"column":49}},"3":{"start":{"line":11,"column":60},"end":{"line":11,"column":62}},"4":{"start":{"line":11,"column":62},"end":{"line":11,"column":66}},"5":{"start":{"line":11,"column":66},"end":{"line":11,"column":72}},"6":{"start":{"line":11,"column":81},"end":{"line":11,"column":83}},"7":{"start":{"line":11,"column":91},"end":{"line":11,"column":93}},"8":{"start":{"line":12,"column":2},"end":{"line":20,"column":4}},"9":{"start":{"line":23,"column":0},"end":{"line":23,"column":24}}},"fnMap":{"0":{"name":"(anonymous_1)","decl":{"start":{"line":11,"column":42},"end":{"line":11,"column":43}},"loc":{"start":{"line":11,"column":93},"end":{"line":21,"column":1}}}},"branchMap":{"0":{"loc":{"start":{"line":11,"column":66},"end":{"line":11,"column":72}},"type":"cond-expr","locations":[{"start":{"line":11,"column":69},"end":{"line":11,"column":70}},{"start":{"line":11,"column":70},"end":{"line":11,"column":72}}]}},"s":{"0":1,"1":1,"2":2,"3":2,"4":2,"5":2,"6":2,"7":2,"8":2,"9":1},"f":{"0":2},"b":{"0":[2,0]}}
,"D:\\Dokumen\\MSIB_Productzilla\\materi\\wekk10\\task6-reactJS-PortofolioTest\\src\\component\\elements\\Home\\Button.tsx": {"path":"D:\\Dokumen\\MSIB_Productzilla\\materi\\wekk10\\task6-reactJS-PortofolioTest\\src\\component\\elements\\Home\\Button.tsx","statementMap":{"0":{"start":{"line":1,"column":0},"end":{"line":1,"column":26}},"1":{"start":{"line":2,"column":0},"end":{"line":2,"column":40}},"2":{"start":{"line":10,"column":38},"end":{"line":26,"column":1}},"3":{"start":{"line":10,"column":45},"end":{"line":10,"column":47}},"4":{"start":{"line":10,"column":49},"end":{"line":10,"column":51}},"5":{"start":{"line":10,"column":55},"end":{"line":10,"column":57}},"6":{"start":{"line":12,"column":2},"end":{"line":18,"column":3}},"7":{"start":{"line":13,"column":4},"end":{"line":17,"column":6}},"8":{"start":{"line":21,"column":2},"end":{"line":25,"column":4}},"9":{"start":{"line":28,"column":0},"end":{"line":28,"column":22}}},"fnMap":{"0":{"name":"(anonymous_1)","decl":{"start":{"line":10,"column":38},"end":{"line":10,"column":39}},"loc":{"start":{"line":10,"column":57},"end":{"line":26,"column":1}}}},"branchMap":{"0":{"loc":{"start":{"line":12,"column":2},"end":{"line":18,"column":3}},"type":"if","locations":[{"start":{"line":12,"column":2},"end":{"line":18,"column":3}}]}},"s":{"0":1,"1":1,"2":1,"3":4,"4":4,"5":4,"6":4,"7":1,"8":3,"9":1},"f":{"0":4},"b":{"0":[1]}}
,"D:\\Dokumen\\MSIB_Productzilla\\materi\\wekk10\\task6-reactJS-PortofolioTest\\src\\component\\elements\\Skill\\Icon.tsx": {"path":"D:\\Dokumen\\MSIB_Productzilla\\materi\\wekk10\\task6-reactJS-PortofolioTest\\src\\component\\elements\\Skill\\Icon.tsx","statementMap":{"0":{"start":{"line":1,"column":0},"end":{"line":1,"column":26}},"1":{"start":{"line":2,"column":0},"end":{"line":2,"column":65}},"2":{"start":{"line":11,"column":34},"end":{"line":13,"column":1}},"3":{"start":{"line":11,"column":41},"end":{"line":11,"column":43}},"4":{"start":{"line":11,"column":52},"end":{"line":11,"column":54}},"5":{"start":{"line":11,"column":54},"end":{"line":11,"column":58}},"6":{"start":{"line":11,"column":58},"end":{"line":11,"column":67}},"7":{"start":{"line":12,"column":2},"end":{"line":12,"column":75}},"8":{"start":{"line":15,"column":0},"end":{"line":15,"column":20}}},"fnMap":{"0":{"name":"(anonymous_1)","decl":{"start":{"line":11,"column":34},"end":{"line":11,"column":35}},"loc":{"start":{"line":11,"column":67},"end":{"line":13,"column":1}}}},"branchMap":{"0":{"loc":{"start":{"line":11,"column":58},"end":{"line":11,"column":67}},"type":"cond-expr","locations":[{"start":{"line":11,"column":61},"end":{"line":11,"column":65}},{"start":{"line":11,"column":65},"end":{"line":11,"column":67}}]}},"s":{"0":1,"1":1,"2":1,"3":20,"4":20,"5":20,"6":20,"7":20,"8":1},"f":{"0":20},"b":{"0":[0,20]}}
,"D:\\Dokumen\\MSIB_Productzilla\\materi\\wekk10\\task6-reactJS-PortofolioTest\\src\\component\\elements\\Skill\\ProgressBar.tsx": {"path":"D:\\Dokumen\\MSIB_Productzilla\\materi\\wekk10\\task6-reactJS-PortofolioTest\\src\\component\\elements\\Skill\\ProgressBar.tsx","statementMap":{"0":{"start":{"line":1,"column":0},"end":{"line":1,"column":26}},"1":{"start":{"line":7,"column":48},"end":{"line":13,"column":1}},"2":{"start":{"line":7,"column":56},"end":{"line":7,"column":58}},"3":{"start":{"line":7,"column":63},"end":{"line":7,"column":65}},"4":{"start":{"line":8,"column":2},"end":{"line":12,"column":4}},"5":{"start":{"line":15,"column":0},"end":{"line":15,"column":27}}},"fnMap":{"0":{"name":"(anonymous_1)","decl":{"start":{"line":7,"column":48},"end":{"line":7,"column":49}},"loc":{"start":{"line":7,"column":65},"end":{"line":13,"column":1}}}},"branchMap":{},"s":{"0":1,"1":1,"2":20,"3":20,"4":20,"5":1},"f":{"0":20},"b":{}}
,"D:\\Dokumen\\MSIB_Productzilla\\materi\\wekk10\\task6-reactJS-PortofolioTest\\src\\component\\elements\\Skill\\SkillCard.tsx": {"path":"D:\\Dokumen\\MSIB_Productzilla\\materi\\wekk10\\task6-reactJS-PortofolioTest\\src\\component\\elements\\Skill\\SkillCard.tsx","statementMap":{"0":{"start":{"line":1,"column":0},"end":{"line":1,"column":26}},"1":{"start":{"line":2,"column":0},"end":{"line":2,"column":26}},"2":{"start":{"line":13,"column":44},"end":{"line":24,"column":1}},"3":{"start":{"line":13,"column":51},"end":{"line":13,"column":53}},"4":{"start":{"line":13,"column":58},"end":{"line":13,"column":60}},"5":{"start":{"line":13,"column":68},"end":{"line":13,"column":70}},"6":{"start":{"line":13,"column":77},"end":{"line":13,"column":94}},"7":{"start":{"line":13,"column":100},"end":{"line":13,"column":102}},"8":{"start":{"line":14,"column":2},"end":{"line":23,"column":4}},"9":{"start":{"line":26,"column":0},"end":{"line":26,"column":25}}},"fnMap":{"0":{"name":"(anonymous_1)","decl":{"start":{"line":13,"column":44},"end":{"line":13,"column":45}},"loc":{"start":{"line":13,"column":102},"end":{"line":24,"column":1}}}},"branchMap":{"0":{"loc":{"start":{"line":17,"column":133},"end":{"line":17,"column":232}},"type":"cond-expr","locations":[{"start":{"line":17,"column":144},"end":{"line":17,"column":189}},{"start":{"line":17,"column":192},"end":{"line":17,"column":232}}]},"1":{"loc":{"start":{"line":20,"column":71},"end":{"line":20,"column":113}},"type":"cond-expr","locations":[{"start":{"line":20,"column":82},"end":{"line":20,"column":94}},{"start":{"line":20,"column":97},"end":{"line":20,"column":113}}]},"2":{"loc":{"start":{"line":21,"column":85},"end":{"line":21,"column":127}},"type":"cond-expr","locations":[{"start":{"line":21,"column":96},"end":{"line":21,"column":108}},{"start":{"line":21,"column":111},"end":{"line":21,"column":127}}]}},"s":{"0":1,"1":1,"2":1,"3":20,"4":20,"5":20,"6":20,"7":20,"8":20,"9":1},"f":{"0":20},"b":{"0":[1,19],"1":[1,19],"2":[1,19]}}
,"D:\\Dokumen\\MSIB_Productzilla\\materi\\wekk10\\task6-reactJS-PortofolioTest\\src\\component\\elements\\Skill\\SkillRow.tsx": {"path":"D:\\Dokumen\\MSIB_Productzilla\\materi\\wekk10\\task6-reactJS-PortofolioTest\\src\\component\\elements\\Skill\\SkillRow.tsx","statementMap":{"0":{"start":{"line":1,"column":0},"end":{"line":1,"column":26}},"1":{"start":{"line":2,"column":0},"end":{"line":2,"column":40}},"2":{"start":{"line":10,"column":42},"end":{"line":19,"column":1}},"3":{"start":{"line":10,"column":49},"end":{"line":10,"column":51}},"4":{"start":{"line":10,"column":56},"end":{"line":10,"column":58}},"5":{"start":{"line":10,"column":63},"end":{"line":10,"column":65}},"6":{"start":{"line":11,"column":2},"end":{"line":18,"column":4}},"7":{"start":{"line":21,"column":0},"end":{"line":21,"column":24}}},"fnMap":{"0":{"name":"(anonymous_1)","decl":{"start":{"line":10,"column":42},"end":{"line":10,"column":43}},"loc":{"start":{"line":10,"column":65},"end":{"line":19,"column":1}}}},"branchMap":{},"s":{"0":1,"1":1,"2":1,"3":20,"4":20,"5":20,"6":20,"7":1},"f":{"0":20},"b":{}}
,"D:\\Dokumen\\MSIB_Productzilla\\materi\\wekk10\\task6-reactJS-PortofolioTest\\src\\component\\fragments\\Contact\\ContactForm.tsx": {"path":"D:\\Dokumen\\MSIB_Productzilla\\materi\\wekk10\\task6-reactJS-PortofolioTest\\src\\component\\fragments\\Contact\\ContactForm.tsx","statementMap":{"0":{"start":{"line":1,"column":0},"end":{"line":1,"column":26}},"1":{"start":{"line":2,"column":0},"end":{"line":2,"column":49}},"2":{"start":{"line":3,"column":0},"end":{"line":3,"column":49}},"3":{"start":{"line":4,"column":0},"end":{"line":4,"column":55}},"4":{"start":{"line":5,"column":0},"end":{"line":5,"column":51}},"5":{"start":{"line":11,"column":48},"end":{"line":29,"column":1}},"6":{"start":{"line":11,"column":59},"end":{"line":11,"column":61}},"7":{"start":{"line":12,"column":2},"end":{"line":28,"column":4}},"8":{"start":{"line":31,"column":0},"end":{"line":31,"column":27}}},"fnMap":{"0":{"name":"(anonymous_1)","decl":{"start":{"line":11,"column":48},"end":{"line":11,"column":49}},"loc":{"start":{"line":11,"column":61},"end":{"line":29,"column":1}}}},"branchMap":{},"s":{"0":1,"1":1,"2":1,"3":1,"4":1,"5":1,"6":2,"7":2,"8":1},"f":{"0":2},"b":{}}
,"D:\\Dokumen\\MSIB_Productzilla\\materi\\wekk10\\task6-reactJS-PortofolioTest\\src\\component\\fragments\\Skill\\SkillCardList.tsx": {"path":"D:\\Dokumen\\MSIB_Productzilla\\materi\\wekk10\\task6-reactJS-PortofolioTest\\src\\component\\fragments\\Skill\\SkillCardList.tsx","statementMap":{"0":{"start":{"line":1,"column":0},"end":{"line":1,"column":26}},"1":{"start":{"line":2,"column":0},"end":{"line":2,"column":55}},"2":{"start":{"line":11,"column":52},"end":{"line":30,"column":1}},"3":{"start":{"line":11,"column":60},"end":{"line":11,"column":62}},"4":{"start":{"line":11,"column":72},"end":{"line":11,"column":74}},"5":{"start":{"line":11,"column":89},"end":{"line":11,"column":91}},"6":{"start":{"line":13,"column":2},"end":{"line":29,"column":4}},"7":{"start":{"line":18,"column":34},"end":{"line":27,"column":8}},"8":{"start":{"line":24,"column":25},"end":{"line":24,"column":null}},"9":{"start":{"line":32,"column":0},"end":{"line":32,"column":29}}},"fnMap":{"0":{"name":"(anonymous_1)","decl":{"start":{"line":11,"column":52},"end":{"line":11,"column":53}},"loc":{"start":{"line":11,"column":91},"end":{"line":30,"column":1}}},"1":{"name":"(anonymous_2)","decl":{"start":{"line":18,"column":17},"end":{"line":18,"column":18}},"loc":{"start":{"line":18,"column":29},"end":{"line":18,"column":null}}},"2":{"name":"(anonymous_3)","decl":{"start":{"line":24,"column":19},"end":{"line":24,"column":25}},"loc":{"start":{"line":24,"column":19},"end":{"line":24,"column":40}}}},"branchMap":{},"s":{"0":1,"1":1,"2":1,"3":5,"4":5,"5":5,"6":5,"7":20,"8":2,"9":1},"f":{"0":5,"1":20,"2":2},"b":{}}
,"D:\\Dokumen\\MSIB_Productzilla\\materi\\wekk10\\task6-reactJS-PortofolioTest\\src\\component\\fragments\\Skill\\SkillList.tsx": {"path":"D:\\Dokumen\\MSIB_Productzilla\\materi\\wekk10\\task6-reactJS-PortofolioTest\\src\\component\\fragments\\Skill\\SkillList.tsx","statementMap":{"0":{"start":{"line":1,"column":0},"end":{"line":1,"column":26}},"1":{"start":{"line":2,"column":0},"end":{"line":2,"column":53}},"2":{"start":{"line":14,"column":44},"end":{"line":22,"column":1}},"3":{"start":{"line":14,"column":53},"end":{"line":14,"column":55}},"4":{"start":{"line":14,"column":68},"end":{"line":14,"column":70}},"5":{"start":{"line":15,"column":2},"end":{"line":21,"column":4}},"6":{"start":{"line":17,"column":36},"end":{"line":19,"column":8}},"7":{"start":{"line":24,"column":0},"end":{"line":24,"column":25}}},"fnMap":{"0":{"name":"(anonymous_1)","decl":{"start":{"line":14,"column":44},"end":{"line":14,"column":45}},"loc":{"start":{"line":14,"column":70},"end":{"line":22,"column":1}}},"1":{"name":"(anonymous_2)","decl":{"start":{"line":17,"column":18},"end":{"line":17,"column":19}},"loc":{"start":{"line":17,"column":31},"end":{"line":17,"column":null}}}},"branchMap":{},"s":{"0":1,"1":1,"2":1,"3":5,"4":5,"5":5,"6":20,"7":1},"f":{"0":5,"1":20},"b":{}}
,"D:\\Dokumen\\MSIB_Productzilla\\materi\\wekk10\\task6-reactJS-PortofolioTest\\src\\component\\layouts\\Footer.tsx": {"path":"D:\\Dokumen\\MSIB_Productzilla\\materi\\wekk10\\task6-reactJS-PortofolioTest\\src\\component\\layouts\\Footer.tsx","statementMap":{"0":{"start":{"line":1,"column":0},"end":{"line":1,"column":26}},"1":{"start":{"line":2,"column":15},"end":{"line":10,"column":1}},"2":{"start":{"line":3,"column":2},"end":{"line":9,"column":4}},"3":{"start":{"line":12,"column":0},"end":{"line":12,"column":22}}},"fnMap":{"0":{"name":"(anonymous_1)","decl":{"start":{"line":2,"column":15},"end":{"line":2,"column":null}},"loc":{"start":{"line":2,"column":15},"end":{"line":10,"column":1}}}},"branchMap":{},"s":{"0":1,"1":1,"2":2,"3":1},"f":{"0":2},"b":{}}
,"D:\\Dokumen\\MSIB_Productzilla\\materi\\wekk10\\task6-reactJS-PortofolioTest\\src\\component\\layouts\\Skill.tsx": {"path":"D:\\Dokumen\\MSIB_Productzilla\\materi\\wekk10\\task6-reactJS-PortofolioTest\\src\\component\\layouts\\Skill.tsx","statementMap":{"0":{"start":{"line":1,"column":0},"end":{"line":1,"column":26}},"1":{"start":{"line":2,"column":0},"end":{"line":2,"column":33}},"2":{"start":{"line":3,"column":0},"end":{"line":3,"column":61}},"3":{"start":{"line":4,"column":0},"end":{"line":4,"column":53}},"4":{"start":{"line":5,"column":0},"end":{"line":5,"column":95}},"5":{"start":{"line":7,"column":14},"end":{"line":62,"column":1}},"6":{"start":{"line":8,"column":38},"end":{"line":8,"column":67}},"7":{"start":{"line":8,"column":19},"end":{"line":8,"column":21}},"8":{"start":{"line":8,"column":34},"end":{"line":8,"column":38}},"9":{"start":{"line":10,"column":26},"end":{"line":12,"column":3}},"10":{"start":{"line":11,"column":4},"end":{"line":11,"column":55}},"11":{"start":{"line":14,"column":17},"end":{"line":19,"column":4}},"12":{"start":{"line":21,"column":16},"end":{"line":26,"column":4}},"13":{"start":{"line":28,"column":24},"end":{"line":32,"column":3}},"14":{"start":{"line":29,"column":4},"end":{"line":29,"column":41}},"15":{"start":{"line":29,"column":21},"end":{"line":29,"column":41}},"16":{"start":{"line":30,"column":4},"end":{"line":30,"column":44}},"17":{"start":{"line":30,"column":21},"end":{"line":30,"column":44}},"18":{"start":{"line":31,"column":4},"end":{"line":31,"column":27}},"19":{"start":{"line":34,"column":2},"end":{"line":61,"column":4}},"20":{"start":{"line":64,"column":0},"end":{"line":64,"column":21}}},"fnMap":{"0":{"name":"(anonymous_1)","decl":{"start":{"line":7,"column":14},"end":{"line":7,"column":null}},"loc":{"start":{"line":7,"column":14},"end":{"line":62,"column":1}}},"1":{"name":"(anonymous_2)","decl":{"start":{"line":10,"column":26},"end":{"line":10,"column":27}},"loc":{"start":{"line":10,"column":40},"end":{"line":12,"column":3}}},"2":{"name":"(anonymous_3)","decl":{"start":{"line":28,"column":24},"end":{"line":28,"column":25}},"loc":{"start":{"line":28,"column":38},"end":{"line":32,"column":3}}}},"branchMap":{"0":{"loc":{"start":{"line":11,"column":18},"end":{"line":11,"column":53}},"type":"cond-expr","locations":[{"start":{"line":11,"column":41},"end":{"line":11,"column":45}},{"start":{"line":11,"column":48},"end":{"line":11,"column":53}}]},"1":{"loc":{"start":{"line":29,"column":4},"end":{"line":29,"column":41}},"type":"if","locations":[{"start":{"line":29,"column":4},"end":{"line":29,"column":41}}]},"2":{"loc":{"start":{"line":30,"column":4},"end":{"line":30,"column":44}},"type":"if","locations":[{"start":{"line":30,"column":4},"end":{"line":30,"column":44}}]}},"s":{"0":1,"1":1,"2":1,"3":1,"4":1,"5":1,"6":5,"7":5,"8":5,"9":5,"10":2,"11":5,"12":5,"13":5,"14":20,"15":0,"16":20,"17":0,"18":20,"19":5,"20":1},"f":{"0":5,"1":2,"2":20},"b":{"0":[1,1],"1":[0],"2":[0]}}
}
