TN:
SF:src\component\elements\Contact\Button.tsx
FN:10,(anonymous_1)
FNF:1
FNH:1
FNDA:2,(anonymous_1)
DA:1,1
DA:10,2
DA:11,2
DA:18,1
LF:4
LH:4
BRF:0
BRH:0
end_of_record
TN:
SF:src\component\elements\Contact\Input.tsx
FN:11,(anonymous_1)
FNF:1
FNH:1
FNDA:4,(anonymous_1)
DA:1,1
DA:11,4
DA:12,4
DA:15,1
LF:4
LH:4
BRF:0
BRH:0
end_of_record
TN:
SF:src\component\elements\Contact\Label.tsx
FN:9,(anonymous_1)
FNF:1
FNH:1
FNDA:6,(anonymous_1)
DA:1,1
DA:9,6
DA:10,6
DA:17,1
LF:4
LH:4
BRF:0
BRH:0
end_of_record
TN:
SF:src\component\elements\Contact\TextArea.tsx
FN:11,(anonymous_1)
FNF:1
FNH:1
FNDA:2,(anonymous_1)
DA:1,1
DA:11,2
DA:12,2
DA:23,1
LF:4
LH:4
BRDA:11,0,0,2
BRDA:11,0,1,0
BRF:2
BRH:1
end_of_record
TN:
SF:src\component\elements\Home\Button.tsx
FN:10,(anonymous_1)
FNF:1
FNH:1
FNDA:4,(anonymous_1)
DA:1,1
DA:2,1
DA:10,4
DA:12,4
DA:13,1
DA:21,3
DA:28,1
LF:7
LH:7
BRDA:12,0,0,1
BRF:1
BRH:1
end_of_record
TN:
SF:src\component\elements\Skill\Icon.tsx
FN:11,(anonymous_1)
FNF:1
FNH:1
FNDA:20,(anonymous_1)
DA:1,1
DA:2,1
DA:11,20
DA:12,20
DA:15,1
LF:5
LH:5
BRDA:11,0,0,0
BRDA:11,0,1,20
BRF:2
BRH:1
end_of_record
TN:
SF:src\component\elements\Skill\ProgressBar.tsx
FN:7,(anonymous_1)
FNF:1
FNH:1
FNDA:20,(anonymous_1)
DA:1,1
DA:7,20
DA:8,20
DA:15,1
LF:4
LH:4
BRF:0
BRH:0
end_of_record
TN:
SF:src\component\elements\Skill\SkillCard.tsx
FN:13,(anonymous_1)
FNF:1
FNH:1
FNDA:20,(anonymous_1)
DA:1,1
DA:2,1
DA:13,20
DA:14,20
DA:26,1
LF:5
LH:5
BRDA:17,0,0,1
BRDA:17,0,1,19
BRDA:20,1,0,1
BRDA:20,1,1,19
BRDA:21,2,0,1
BRDA:21,2,1,19
BRF:6
BRH:6
end_of_record
TN:
SF:src\component\elements\Skill\SkillRow.tsx
FN:10,(anonymous_1)
FNF:1
FNH:1
FNDA:20,(anonymous_1)
DA:1,1
DA:2,1
DA:10,20
DA:11,20
DA:21,1
LF:5
LH:5
BRF:0
BRH:0
end_of_record
TN:
SF:src\component\fragments\Contact\ContactForm.tsx
FN:11,(anonymous_1)
FNF:1
FNH:1
FNDA:2,(anonymous_1)
DA:1,1
DA:2,1
DA:3,1
DA:4,1
DA:5,1
DA:11,2
DA:12,2
DA:31,1
LF:8
LH:8
BRF:0
BRH:0
end_of_record
TN:
SF:src\component\fragments\Skill\SkillCardList.tsx
FN:11,(anonymous_1)
FN:18,(anonymous_2)
FN:24,(anonymous_3)
FNF:3
FNH:3
FNDA:5,(anonymous_1)
FNDA:20,(anonymous_2)
FNDA:2,(anonymous_3)
DA:1,1
DA:2,1
DA:11,5
DA:13,5
DA:18,20
DA:24,2
DA:32,1
LF:7
LH:7
BRF:0
BRH:0
end_of_record
TN:
SF:src\component\fragments\Skill\SkillList.tsx
FN:14,(anonymous_1)
FN:17,(anonymous_2)
FNF:2
FNH:2
FNDA:5,(anonymous_1)
FNDA:20,(anonymous_2)
DA:1,1
DA:2,1
DA:14,5
DA:15,5
DA:17,20
DA:24,1
LF:6
LH:6
BRF:0
BRH:0
end_of_record
TN:
SF:src\component\layouts\Footer.tsx
FN:2,(anonymous_1)
FNF:1
FNH:1
FNDA:2,(anonymous_1)
DA:1,1
DA:2,1
DA:3,2
DA:12,1
LF:4
LH:4
BRF:0
BRH:0
end_of_record
TN:
SF:src\component\layouts\Skill.tsx
FN:7,(anonymous_1)
FN:10,(anonymous_2)
FN:28,(anonymous_3)
FNF:3
FNH:3
FNDA:5,(anonymous_1)
FNDA:2,(anonymous_2)
FNDA:20,(anonymous_3)
DA:1,1
DA:2,1
DA:3,1
DA:4,1
DA:5,1
DA:7,1
DA:8,5
DA:10,5
DA:11,2
DA:14,5
DA:21,5
DA:28,5
DA:29,20
DA:30,20
DA:31,20
DA:34,5
DA:64,1
LF:17
LH:17
BRDA:11,0,0,1
BRDA:11,0,1,1
BRDA:29,1,0,0
BRDA:30,2,0,0
BRF:4
BRH:2
end_of_record
